{"meta": {"format": 3, "version": "7.13.0", "timestamp": "2025-12-27T22:08:08.380067", "branch_coverage": false, "show_contexts": false}, "files": {"app\\__init__.py": {"executed_lines": [1, 6], "summary": {"covered_lines": 1, "num_statements": 1, "percent_covered": 100.0, "percent_covered_display": "100", "missing_lines": 0, "excluded_lines": 0, "percent_statements_covered": 100.0, "percent_statements_covered_display": "100"}, "missing_lines": [], "excluded_lines": [], "functions": {"": {"executed_lines": [1, 6], "summary": {"covered_lines": 1, "num_statements": 1, "percent_covered": 100.0, "percent_covered_display": "100", "missing_lines": 0, "excluded_lines": 0, "percent_statements_covered": 100.0, "percent_statements_covered_display": "100"}, "missing_lines": [], "excluded_lines": []}}, "classes": {"": {"executed_lines": [1, 6], "summary": {"covered_lines": 1, "num_statements": 1, "percent_covered": 100.0, "percent_covered_display": "100", "missing_lines": 0, "excluded_lines": 0, "percent_statements_covered": 100.0, "percent_statements_covered_display": "100"}, "missing_lines": [], "excluded_lines": []}}}, "app\\api\\__init__.py": {"executed_lines": [], "summary": {"covered_lines": 0, "num_statements": 0, "percent_covered": 100.0, "percent_covered_display": "100", "missing_lines": 0, "excluded_lines": 0, "percent_statements_covered": 100.0, "percent_statements_covered_display": "100"}, "missing_lines": [], "excluded_lines": [], "functions": {"": {"executed_lines": [], "summary": {"covered_lines": 0, "num_statements": 0, "percent_covered": 100.0, "percent_covered_display": "100", "missing_lines": 0, "excluded_lines": 0, "percent_statements_covered": 100.0, "percent_statements_covered_display": "100"}, "missing_lines": [], "excluded_lines": []}}, "classes": {"": {"executed_lines": [], "summary": {"covered_lines": 0, "num_statements": 0, "percent_covered": 100.0, "percent_covered_display": "100", "missing_lines": 0, "excluded_lines": 0, "percent_statements_covered": 100.0, "percent_statements_covered_display": "100"}, "missing_lines": [], "excluded_lines": []}}}, "app\\api\\cases.py": {"executed_lines": [], "summary": {"covered_lines": 0, "num_statements": 64, "percent_covered": 0.0, "percent_covered_display": "0", "missing_lines": 64, "excluded_lines": 0, "percent_statements_covered": 0.0, "percent_statements_covered_display": "0"}, "missing_lines": [6, 8, 10, 13, 15, 26, 28, 31, 35, 36, 54, 60, 63, 64, 66, 78, 88, 89, 99, 101, 102, 105, 106, 108, 123, 135, 139, 140, 154, 157, 158, 160, 175, 187, 191, 192, 207, 209, 210, 213, 214, 216, 231, 243, 247, 248, 258, 260, 261, 264, 268, 269, 279, 282, 286, 287, 299, 301, 302, 305, 306, 308, 323, 335], "excluded_lines": [], "functions": {"get_cases": {"executed_lines": [], "summary": {"covered_lines": 0, "num_statements": 6, "percent_covered": 0.0, "percent_covered_display": "0", "missing_lines": 6, "excluded_lines": 0, "percent_statements_covered": 0.0, "percent_statements_covered_display": "0"}, "missing_lines": [54, 60, 63, 64, 66, 78], "excluded_lines": []}, "get_case": {"executed_lines": [], "summary": {"covered_lines": 0, "num_statements": 8, "percent_covered": 0.0, "percent_covered_display": "0", "missing_lines": 8, "excluded_lines": 0, "percent_statements_covered": 0.0, "percent_statements_covered_display": "0"}, "missing_lines": [99, 101, 102, 105, 106, 108, 123, 135], "excluded_lines": []}, "create_case": {"executed_lines": [], "summary": {"covered_lines": 0, "num_statements": 6, "percent_covered": 0.0, "percent_covered_display": "0", "missing_lines": 6, "excluded_lines": 0, "percent_statements_covered": 0.0, "percent_statements_covered_display": "0"}, "missing_lines": [154, 157, 158, 160, 175, 187], "excluded_lines": []}, "update_case": {"executed_lines": [], "summary": {"covered_lines": 0, "num_statements": 8, "percent_covered": 0.0, "percent_covered_display": "0", "missing_lines": 8, "excluded_lines": 0, "percent_statements_covered": 0.0, "percent_statements_covered_display": "0"}, "missing_lines": [207, 209, 210, 213, 214, 216, 231, 243], "excluded_lines": []}, "delete_case": {"executed_lines": [], "summary": {"covered_lines": 0, "num_statements": 4, "percent_covered": 0.0, "percent_covered_display": "0", "missing_lines": 4, "excluded_lines": 0, "percent_statements_covered": 0.0, "percent_statements_covered_display": "0"}, "missing_lines": [258, 260, 261, 264], "excluded_lines": []}, "batch_delete_cases": {"executed_lines": [], "summary": {"covered_lines": 0, "num_statements": 2, "percent_covered": 0.0, "percent_covered_display": "0", "missing_lines": 2, "excluded_lines": 0, "percent_statements_covered": 0.0, "percent_statements_covered_display": "0"}, "missing_lines": [279, 282], "excluded_lines": []}, "save_steps": {"executed_lines": [], "summary": {"covered_lines": 0, "num_statements": 8, "percent_covered": 0.0, "percent_covered_display": "0", "missing_lines": 8, "excluded_lines": 0, "percent_statements_covered": 0.0, "percent_statements_covered_display": "0"}, "missing_lines": [299, 301, 302, 305, 306, 308, 323, 335], "excluded_lines": []}, "": {"executed_lines": [], "summary": {"covered_lines": 0, "num_statements": 22, "percent_covered": 0.0, "percent_covered_display": "0", "missing_lines": 22, "excluded_lines": 0, "percent_statements_covered": 0.0, "percent_statements_covered_display": "0"}, "missing_lines": [6, 8, 10, 13, 15, 26, 28, 31, 35, 36, 88, 89, 139, 140, 191, 192, 247, 248, 268, 269, 286, 287], "excluded_lines": []}}, "classes": {"": {"executed_lines": [], "summary": {"covered_lines": 0, "num_statements": 64, "percent_covered": 0.0, "percent_covered_display": "0", "missing_lines": 64, "excluded_lines": 0, "percent_statements_covered": 0.0, "percent_statements_covered_display": "0"}, "missing_lines": [6, 8, 10, 13, 15, 26, 28, 31, 35, 36, 54, 60, 63, 64, 66, 78, 88, 89, 99, 101, 102, 105, 106, 108, 123, 135, 139, 140, 154, 157, 158, 160, 175, 187, 191, 192, 207, 209, 210, 213, 214, 216, 231, 243, 247, 248, 258, 260, 261, 264, 268, 269, 279, 282, 286, 287, 299, 301, 302, 305, 306, 308, 323, 335], "excluded_lines": []}}}, "app\\api\\executions.py": {"executed_lines": [], "summary": {"covered_lines": 0, "num_statements": 82, "percent_covered": 0.0, "percent_covered_display": "0", "missing_lines": 82, "excluded_lines": 0, "percent_statements_covered": 0.0, "percent_statements_covered_display": "0"}, "missing_lines": [6, 8, 10, 13, 15, 22, 24, 27, 31, 38, 40, 43, 54, 56, 57, 59, 62, 73, 75, 77, 78, 81, 90, 92, 93, 95, 96, 98, 102, 106, 107, 123, 129, 132, 133, 135, 149, 159, 160, 174, 177, 196, 200, 201, 211, 213, 214, 217, 236, 240, 241, 253, 255, 256, 259, 260, 262, 279, 283, 284, 294, 296, 297, 300, 319, 323, 324, 334, 336, 337, 340, 343, 362, 366, 367, 376, 378, 380, 382, 386, 392, 394], "excluded_lines": [], "functions": {"ConnectionManager.__init__": {"executed_lines": [], "summary": {"covered_lines": 0, "num_statements": 1, "percent_covered": 0.0, "percent_covered_display": "0", "missing_lines": 1, "excluded_lines": 0, "percent_statements_covered": 0.0, "percent_statements_covered_display": "0"}, "missing_lines": [40], "excluded_lines": []}, "ConnectionManager.connect": {"executed_lines": [], "summary": {"covered_lines": 0, "num_statements": 4, "percent_covered": 0.0, "percent_covered_display": "0", "missing_lines": 4, "excluded_lines": 0, "percent_statements_covered": 0.0, "percent_statements_covered_display": "0"}, "missing_lines": [54, 56, 57, 59], "excluded_lines": []}, "ConnectionManager.disconnect": {"executed_lines": [], "summary": {"covered_lines": 0, "num_statements": 4, "percent_covered": 0.0, "percent_covered_display": "0", "missing_lines": 4, "excluded_lines": 0, "percent_statements_covered": 0.0, "percent_statements_covered_display": "0"}, "missing_lines": [73, 75, 77, 78], "excluded_lines": []}, "ConnectionManager.send_message": {"executed_lines": [], "summary": {"covered_lines": 0, "num_statements": 6, "percent_covered": 0.0, "percent_covered_display": "0", "missing_lines": 6, "excluded_lines": 0, "percent_statements_covered": 0.0, "percent_statements_covered_display": "0"}, "missing_lines": [90, 92, 93, 95, 96, 98], "excluded_lines": []}, "get_executions": {"executed_lines": [], "summary": {"covered_lines": 0, "num_statements": 6, "percent_covered": 0.0, "percent_covered_display": "0", "missing_lines": 6, "excluded_lines": 0, "percent_statements_covered": 0.0, "percent_statements_covered_display": "0"}, "missing_lines": [123, 129, 132, 133, 135, 149], "excluded_lines": []}, "create_execution": {"executed_lines": [], "summary": {"covered_lines": 0, "num_statements": 3, "percent_covered": 0.0, "percent_covered_display": "0", "missing_lines": 3, "excluded_lines": 0, "percent_statements_covered": 0.0, "percent_statements_covered_display": "0"}, "missing_lines": [174, 177, 196], "excluded_lines": []}, "get_execution": {"executed_lines": [], "summary": {"covered_lines": 0, "num_statements": 5, "percent_covered": 0.0, "percent_covered_display": "0", "missing_lines": 5, "excluded_lines": 0, "percent_statements_covered": 0.0, "percent_statements_covered_display": "0"}, "missing_lines": [211, 213, 214, 217, 236], "excluded_lines": []}, "get_execution_details": {"executed_lines": [], "summary": {"covered_lines": 0, "num_statements": 7, "percent_covered": 0.0, "percent_covered_display": "0", "missing_lines": 7, "excluded_lines": 0, "percent_statements_covered": 0.0, "percent_statements_covered_display": "0"}, "missing_lines": [253, 255, 256, 259, 260, 262, 279], "excluded_lines": []}, "start_execution": {"executed_lines": [], "summary": {"covered_lines": 0, "num_statements": 5, "percent_covered": 0.0, "percent_covered_display": "0", "missing_lines": 5, "excluded_lines": 0, "percent_statements_covered": 0.0, "percent_statements_covered_display": "0"}, "missing_lines": [294, 296, 297, 300, 319], "excluded_lines": []}, "stop_execution": {"executed_lines": [], "summary": {"covered_lines": 0, "num_statements": 6, "percent_covered": 0.0, "percent_covered_display": "0", "missing_lines": 6, "excluded_lines": 0, "percent_statements_covered": 0.0, "percent_statements_covered_display": "0"}, "missing_lines": [334, 336, 337, 340, 343, 362], "excluded_lines": []}, "websocket_execution_logs": {"executed_lines": [], "summary": {"covered_lines": 0, "num_statements": 7, "percent_covered": 0.0, "percent_covered_display": "0", "missing_lines": 7, "excluded_lines": 0, "percent_statements_covered": 0.0, "percent_statements_covered_display": "0"}, "missing_lines": [376, 378, 380, 382, 386, 392, 394], "excluded_lines": []}, "": {"executed_lines": [], "summary": {"covered_lines": 0, "num_statements": 28, "percent_covered": 0.0, "percent_covered_display": "0", "missing_lines": 28, "excluded_lines": 0, "percent_statements_covered": 0.0, "percent_statements_covered_display": "0"}, "missing_lines": [6, 8, 10, 13, 15, 22, 24, 27, 31, 38, 43, 62, 81, 102, 106, 107, 159, 160, 200, 201, 240, 241, 283, 284, 323, 324, 366, 367], "excluded_lines": []}}, "classes": {"ConnectionManager": {"executed_lines": [], "summary": {"covered_lines": 0, "num_statements": 15, "percent_covered": 0.0, "percent_covered_display": "0", "missing_lines": 15, "excluded_lines": 0, "percent_statements_covered": 0.0, "percent_statements_covered_display": "0"}, "missing_lines": [40, 54, 56, 57, 59, 73, 75, 77, 78, 90, 92, 93, 95, 96, 98], "excluded_lines": []}, "": {"executed_lines": [], "summary": {"covered_lines": 0, "num_statements": 67, "percent_covered": 0.0, "percent_covered_display": "0", "missing_lines": 67, "excluded_lines": 0, "percent_statements_covered": 0.0, "percent_statements_covered_display": "0"}, "missing_lines": [6, 8, 10, 13, 15, 22, 24, 27, 31, 38, 43, 62, 81, 102, 106, 107, 123, 129, 132, 133, 135, 149, 159, 160, 174, 177, 196, 200, 201, 211, 213, 214, 217, 236, 240, 241, 253, 255, 256, 259, 260, 262, 279, 283, 284, 294, 296, 297, 300, 319, 323, 324, 334, 336, 337, 340, 343, 362, 366, 367, 376, 378, 380, 382, 386, 392, 394], "excluded_lines": []}}}, "app\\api\\reports.py": {"executed_lines": [], "summary": {"covered_lines": 0, "num_statements": 31, "percent_covered": 0.0, "percent_covered_display": "0", "missing_lines": 31, "excluded_lines": 0, "percent_statements_covered": 0.0, "percent_statements_covered_display": "0"}, "missing_lines": [6, 8, 9, 10, 13, 15, 17, 19, 21, 22, 25, 29, 30, 42, 50, 51, 54, 58, 59, 66, 69, 70, 73, 81, 82, 89, 90, 91, 92, 99, 101], "excluded_lines": [], "functions": {"generate_report": {"executed_lines": [], "summary": {"covered_lines": 0, "num_statements": 4, "percent_covered": 0.0, "percent_covered_display": "0", "missing_lines": 4, "excluded_lines": 0, "percent_statements_covered": 0.0, "percent_statements_covered_display": "0"}, "missing_lines": [42, 50, 51, 54], "excluded_lines": []}, "download_report": {"executed_lines": [], "summary": {"covered_lines": 0, "num_statements": 4, "percent_covered": 0.0, "percent_covered_display": "0", "missing_lines": 4, "excluded_lines": 0, "percent_statements_covered": 0.0, "percent_statements_covered_display": "0"}, "missing_lines": [66, 69, 70, 73], "excluded_lines": []}, "get_reports": {"executed_lines": [], "summary": {"covered_lines": 0, "num_statements": 6, "percent_covered": 0.0, "percent_covered_display": "0", "missing_lines": 6, "excluded_lines": 0, "percent_statements_covered": 0.0, "percent_statements_covered_display": "0"}, "missing_lines": [89, 90, 91, 92, 99, 101], "excluded_lines": []}, "": {"executed_lines": [], "summary": {"covered_lines": 0, "num_statements": 17, "percent_covered": 0.0, "percent_covered_display": "0", "missing_lines": 17, "excluded_lines": 0, "percent_statements_covered": 0.0, "percent_statements_covered_display": "0"}, "missing_lines": [6, 8, 9, 10, 13, 15, 17, 19, 21, 22, 25, 29, 30, 58, 59, 81, 82], "excluded_lines": []}}, "classes": {"": {"executed_lines": [], "summary": {"covered_lines": 0, "num_statements": 31, "percent_covered": 0.0, "percent_covered_display": "0", "missing_lines": 31, "excluded_lines": 0, "percent_statements_covered": 0.0, "percent_statements_covered_display": "0"}, "missing_lines": [6, 8, 9, 10, 13, 15, 17, 19, 21, 22, 25, 29, 30, 42, 50, 51, 54, 58, 59, 66, 69, 70, 73, 81, 82, 89, 90, 91, 92, 99, 101], "excluded_lines": []}}}, "app\\config.py": {"executed_lines": [1, 5, 7, 10, 14, 18, 21, 23, 25, 28, 37, 39, 41, 45, 49, 51, 55, 57, 61, 63, 71, 82, 91, 99, 106, 109, 120, 124, 131, 133, 135, 139], "summary": {"covered_lines": 31, "num_statements": 31, "percent_covered": 100.0, "percent_covered_display": "100", "missing_lines": 0, "excluded_lines": 0, "percent_statements_covered": 100.0, "percent_statements_covered_display": "100"}, "missing_lines": [], "excluded_lines": [], "functions": {"get_window_size": {"executed_lines": [120], "summary": {"covered_lines": 1, "num_statements": 1, "percent_covered": 100.0, "percent_covered_display": "100", "missing_lines": 0, "excluded_lines": 0, "percent_statements_covered": 100.0, "percent_statements_covered_display": "100"}, "missing_lines": [], "excluded_lines": []}, "ensure_dirs": {"executed_lines": [131, 133, 135], "summary": {"covered_lines": 3, "num_statements": 3, "percent_covered": 100.0, "percent_covered_display": "100", "missing_lines": 0, "excluded_lines": 0, "percent_statements_covered": 100.0, "percent_statements_covered_display": "100"}, "missing_lines": [], "excluded_lines": []}, "": {"executed_lines": [1, 5, 7, 10, 14, 18, 21, 23, 25, 28, 37, 39, 41, 45, 49, 51, 55, 57, 61, 63, 71, 82, 91, 99, 106, 109, 124, 139], "summary": {"covered_lines": 27, "num_statements": 27, "percent_covered": 100.0, "percent_covered_display": "100", "missing_lines": 0, "excluded_lines": 0, "percent_statements_covered": 100.0, "percent_statements_covered_display": "100"}, "missing_lines": [], "excluded_lines": []}}, "classes": {"": {"executed_lines": [1, 5, 7, 10, 14, 18, 21, 23, 25, 28, 37, 39, 41, 45, 49, 51, 55, 57, 61, 63, 71, 82, 91, 99, 106, 109, 120, 124, 131, 133, 135, 139], "summary": {"covered_lines": 31, "num_statements": 31, "percent_covered": 100.0, "percent_covered_display": "100", "missing_lines": 0, "excluded_lines": 0, "percent_statements_covered": 100.0, "percent_statements_covered_display": "100"}, "missing_lines": [], "excluded_lines": []}}}, "app\\engines\\__init__.py": {"executed_lines": [2], "summary": {"covered_lines": 0, "num_statements": 0, "percent_covered": 100.0, "percent_covered_display": "100", "missing_lines": 0, "excluded_lines": 0, "percent_statements_covered": 100.0, "percent_statements_covered_display": "100"}, "missing_lines": [], "excluded_lines": [], "functions": {"": {"executed_lines": [2], "summary": {"covered_lines": 0, "num_statements": 0, "percent_covered": 100.0, "percent_covered_display": "100", "missing_lines": 0, "excluded_lines": 0, "percent_statements_covered": 100.0, "percent_statements_covered_display": "100"}, "missing_lines": [], "excluded_lines": []}}, "classes": {"": {"executed_lines": [2], "summary": {"covered_lines": 0, "num_statements": 0, "percent_covered": 100.0, "percent_covered_display": "100", "missing_lines": 0, "excluded_lines": 0, "percent_statements_covered": 100.0, "percent_statements_covered_display": "100"}, "missing_lines": [], "excluded_lines": []}}}, "app\\engines\\playwright_engine.py": {"executed_lines": [1, 6, 8, 10, 12, 14, 16, 18, 28, 29, 35, 50, 52, 54, 56, 58, 60, 62, 65, 109, 137, 160, 174, 190, 191, 194, 196, 198, 201, 202, 204, 205, 207, 208, 210, 211, 213, 215, 218, 221, 224, 229, 239, 241, 243, 247, 249, 256, 267, 269, 271, 273, 277, 279, 286, 298, 300, 302, 304, 308, 310, 317, 328, 330, 332, 334, 338, 340, 347, 359, 361, 363, 365, 369, 371, 378, 388, 390, 392, 396, 398, 405, 416, 418, 420, 422, 423, 429, 433, 435, 444, 455, 456, 459, 460, 463, 465, 467, 470, 481, 482, 484, 489, 511, 512, 513, 514, 517, 518, 521, 523, 525, 527, 528, 530, 531, 533, 535, 538, 540, 542, 545, 546, 548, 550, 553, 555, 557, 560, 561, 563, 565, 566, 569, 571, 573, 576, 580, 585, 587, 594, 597, 621, 623, 625, 627, 629, 632, 634, 636, 638, 640, 642, 645, 647, 650, 652, 654, 656, 662, 665, 677, 743], "summary": {"covered_lines": 161, "num_statements": 224, "percent_covered": 71.875, "percent_covered_display": "72", "missing_lines": 63, "excluded_lines": 0, "percent_statements_covered": 71.875, "percent_statements_covered_display": "72"}, "missing_lines": [72, 75, 82, 92, 99, 102, 104, 106, 115, 117, 118, 119, 121, 122, 123, 125, 126, 127, 129, 130, 131, 132, 134, 148, 149, 151, 153, 155, 157, 167, 168, 169, 537, 544, 552, 559, 568, 575, 657, 659, 684, 686, 688, 689, 692, 710, 712, 713, 714, 715, 716, 719, 721, 723, 725, 727, 729, 730, 733, 734, 738, 739, 745], "excluded_lines": [], "functions": {"PlaywrightEngine.__init__": {"executed_lines": [50, 52, 54, 56, 58, 60, 62], "summary": {"covered_lines": 7, "num_statements": 7, "percent_covered": 100.0, "percent_covered_display": "100", "missing_lines": 0, "excluded_lines": 0, "percent_statements_covered": 100.0, "percent_statements_covered_display": "100"}, "missing_lines": [], "excluded_lines": []}, "PlaywrightEngine.start_browser": {"executed_lines": [], "summary": {"covered_lines": 0, "num_statements": 8, "percent_covered": 0.0, "percent_covered_display": "0", "missing_lines": 8, "excluded_lines": 0, "percent_statements_covered": 0.0, "percent_statements_covered_display": "0"}, "missing_lines": [72, 75, 82, 92, 99, 102, 104, 106], "excluded_lines": []}, "PlaywrightEngine.close_browser": {"executed_lines": [], "summary": {"covered_lines": 0, "num_statements": 15, "percent_covered": 0.0, "percent_covered_display": "0", "missing_lines": 15, "excluded_lines": 0, "percent_statements_covered": 0.0, "percent_statements_covered_display": "0"}, "missing_lines": [115, 117, 118, 119, 121, 122, 123, 125, 126, 127, 129, 130, 131, 132, 134], "excluded_lines": []}, "PlaywrightEngine.new_page": {"executed_lines": [], "summary": {"covered_lines": 0, "num_statements": 6, "percent_covered": 0.0, "percent_covered_display": "0", "missing_lines": 6, "excluded_lines": 0, "percent_statements_covered": 0.0, "percent_statements_covered_display": "0"}, "missing_lines": [148, 149, 151, 153, 155, 157], "excluded_lines": []}, "PlaywrightEngine.close_page": {"executed_lines": [], "summary": {"covered_lines": 0, "num_statements": 3, "percent_covered": 0.0, "percent_covered_display": "0", "missing_lines": 3, "excluded_lines": 0, "percent_statements_covered": 0.0, "percent_statements_covered_display": "0"}, "missing_lines": [167, 168, 169], "excluded_lines": []}, "PlaywrightEngine._get_locator": {"executed_lines": [190, 191, 194, 196, 198, 201, 202, 204, 205, 207, 208, 210, 211, 213, 215, 218, 221, 224], "summary": {"covered_lines": 18, "num_statements": 18, "percent_covered": 100.0, "percent_covered_display": "100", "missing_lines": 0, "excluded_lines": 0, "percent_statements_covered": 100.0, "percent_statements_covered_display": "100"}, "missing_lines": [], "excluded_lines": []}, "PlaywrightEngine.execute_navigate": {"executed_lines": [239, 241, 243, 247, 249], "summary": {"covered_lines": 5, "num_statements": 5, "percent_covered": 100.0, "percent_covered_display": "100", "missing_lines": 0, "excluded_lines": 0, "percent_statements_covered": 100.0, "percent_statements_covered_display": "100"}, "missing_lines": [], "excluded_lines": []}, "PlaywrightEngine.execute_click": {"executed_lines": [267, 269, 271, 273, 277, 279], "summary": {"covered_lines": 6, "num_statements": 6, "percent_covered": 100.0, "percent_covered_display": "100", "missing_lines": 0, "excluded_lines": 0, "percent_statements_covered": 100.0, "percent_statements_covered_display": "100"}, "missing_lines": [], "excluded_lines": []}, "PlaywrightEngine.execute_input": {"executed_lines": [298, 300, 302, 304, 308, 310], "summary": {"covered_lines": 6, "num_statements": 6, "percent_covered": 100.0, "percent_covered_display": "100", "missing_lines": 0, "excluded_lines": 0, "percent_statements_covered": 100.0, "percent_statements_covered_display": "100"}, "missing_lines": [], "excluded_lines": []}, "PlaywrightEngine.execute_clear": {"executed_lines": [328, 330, 332, 334, 338, 340], "summary": {"covered_lines": 6, "num_statements": 6, "percent_covered": 100.0, "percent_covered_display": "100", "missing_lines": 0, "excluded_lines": 0, "percent_statements_covered": 100.0, "percent_statements_covered_display": "100"}, "missing_lines": [], "excluded_lines": []}, "PlaywrightEngine.execute_wait": {"executed_lines": [359, 361, 363, 365, 369, 371], "summary": {"covered_lines": 6, "num_statements": 6, "percent_covered": 100.0, "percent_covered_display": "100", "missing_lines": 0, "excluded_lines": 0, "percent_statements_covered": 100.0, "percent_statements_covered_display": "100"}, "missing_lines": [], "excluded_lines": []}, "PlaywrightEngine.execute_verify_text": {"executed_lines": [388, 390, 392, 396, 398], "summary": {"covered_lines": 5, "num_statements": 5, "percent_covered": 100.0, "percent_covered_display": "100", "missing_lines": 0, "excluded_lines": 0, "percent_statements_covered": 100.0, "percent_statements_covered_display": "100"}, "missing_lines": [], "excluded_lines": []}, "PlaywrightEngine.execute_verify_element": {"executed_lines": [416, 418, 420, 422, 423, 429, 433, 435], "summary": {"covered_lines": 8, "num_statements": 8, "percent_covered": 100.0, "percent_covered_display": "100", "missing_lines": 0, "excluded_lines": 0, "percent_statements_covered": 100.0, "percent_statements_covered_display": "100"}, "missing_lines": [], "excluded_lines": []}, "PlaywrightEngine.take_screenshot": {"executed_lines": [455, 456, 459, 460, 463, 465, 467], "summary": {"covered_lines": 7, "num_statements": 7, "percent_covered": 100.0, "percent_covered_display": "100", "missing_lines": 0, "excluded_lines": 0, "percent_statements_covered": 100.0, "percent_statements_covered_display": "100"}, "missing_lines": [], "excluded_lines": []}, "PlaywrightEngine.take_screenshot_on_error": {"executed_lines": [481, 482, 484], "summary": {"covered_lines": 3, "num_statements": 3, "percent_covered": 100.0, "percent_covered_display": "100", "missing_lines": 0, "excluded_lines": 0, "percent_statements_covered": 100.0, "percent_statements_covered_display": "100"}, "missing_lines": [], "excluded_lines": []}, "PlaywrightEngine.execute_step": {"executed_lines": [511, 512, 513, 514, 517, 518, 521, 523, 525, 527, 528, 530, 531, 533, 535, 538, 540, 542, 545, 546, 548, 550, 553, 555, 557, 560, 561, 563, 565, 566, 569, 571, 573, 576, 580, 585, 587, 594], "summary": {"covered_lines": 38, "num_statements": 44, "percent_covered": 86.36363636363636, "percent_covered_display": "86", "missing_lines": 6, "excluded_lines": 0, "percent_statements_covered": 86.36363636363636, "percent_statements_covered_display": "86"}, "missing_lines": [537, 544, 552, 559, 568, 575], "excluded_lines": []}, "PlaywrightEngine.execute_case": {"executed_lines": [621, 623, 625, 627, 629, 632, 634, 636, 638, 640, 642, 645, 647, 650, 652, 654, 656, 662, 665], "summary": {"covered_lines": 19, "num_statements": 21, "percent_covered": 90.47619047619048, "percent_covered_display": "90", "missing_lines": 2, "excluded_lines": 0, "percent_statements_covered": 90.47619047619048, "percent_statements_covered_display": "90"}, "missing_lines": [657, 659], "excluded_lines": []}, "main": {"executed_lines": [], "summary": {"covered_lines": 0, "num_statements": 22, "percent_covered": 0.0, "percent_covered_display": "0", "missing_lines": 22, "excluded_lines": 0, "percent_statements_covered": 0.0, "percent_statements_covered_display": "0"}, "missing_lines": [684, 686, 688, 689, 692, 710, 712, 713, 714, 715, 716, 719, 721, 723, 725, 727, 729, 730, 733, 734, 738, 739], "excluded_lines": []}, "": {"executed_lines": [1, 6, 8, 10, 12, 14, 16, 18, 28, 29, 35, 65, 109, 137, 160, 174, 229, 256, 286, 317, 347, 378, 405, 444, 470, 489, 597, 677, 743], "summary": {"covered_lines": 27, "num_statements": 28, "percent_covered": 96.42857142857143, "percent_covered_display": "96", "missing_lines": 1, "excluded_lines": 0, "percent_statements_covered": 96.42857142857143, "percent_statements_covered_display": "96"}, "missing_lines": [745], "excluded_lines": []}}, "classes": {"PlaywrightEngine": {"executed_lines": [50, 52, 54, 56, 58, 60, 62, 190, 191, 194, 196, 198, 201, 202, 204, 205, 207, 208, 210, 211, 213, 215, 218, 221, 224, 239, 241, 243, 247, 249, 267, 269, 271, 273, 277, 279, 298, 300, 302, 304, 308, 310, 328, 330, 332, 334, 338, 340, 359, 361, 363, 365, 369, 371, 388, 390, 392, 396, 398, 416, 418, 420, 422, 423, 429, 433, 435, 455, 456, 459, 460, 463, 465, 467, 481, 482, 484, 511, 512, 513, 514, 517, 518, 521, 523, 525, 527, 528, 530, 531, 533, 535, 538, 540, 542, 545, 546, 548, 550, 553, 555, 557, 560, 561, 563, 565, 566, 569, 571, 573, 576, 580, 585, 587, 594, 621, 623, 625, 627, 629, 632, 634, 636, 638, 640, 642, 645, 647, 650, 652, 654, 656, 662, 665], "summary": {"covered_lines": 134, "num_statements": 174, "percent_covered": 77.01149425287356, "percent_covered_display": "77", "missing_lines": 40, "excluded_lines": 0, "percent_statements_covered": 77.01149425287356, "percent_statements_covered_display": "77"}, "missing_lines": [72, 75, 82, 92, 99, 102, 104, 106, 115, 117, 118, 119, 121, 122, 123, 125, 126, 127, 129, 130, 131, 132, 134, 148, 149, 151, 153, 155, 157, 167, 168, 169, 537, 544, 552, 559, 568, 575, 657, 659], "excluded_lines": []}, "": {"executed_lines": [1, 6, 8, 10, 12, 14, 16, 18, 28, 29, 35, 65, 109, 137, 160, 174, 229, 256, 286, 317, 347, 378, 405, 444, 470, 489, 597, 677, 743], "summary": {"covered_lines": 27, "num_statements": 50, "percent_covered": 54.0, "percent_covered_display": "54", "missing_lines": 23, "excluded_lines": 0, "percent_statements_covered": 54.0, "percent_statements_covered_display": "54"}, "missing_lines": [684, 686, 688, 689, 692, 710, 712, 713, 714, 715, 716, 719, 721, 723, 725, 727, 729, 730, 733, 734, 738, 739, 745], "excluded_lines": []}}}, "app\\main.py": {"executed_lines": [], "summary": {"covered_lines": 0, "num_statements": 27, "percent_covered": 0.0, "percent_covered_display": "0", "missing_lines": 27, "excluded_lines": 0, "percent_statements_covered": 0.0, "percent_statements_covered_display": "0"}, "missing_lines": [5, 7, 9, 11, 14, 16, 18, 22, 23, 30, 32, 34, 38, 46, 55, 57, 59, 62, 66, 67, 74, 83, 84, 91, 95, 97, 99], "excluded_lines": [], "functions": {"lifespan": {"executed_lines": [], "summary": {"covered_lines": 0, "num_statements": 3, "percent_covered": 0.0, "percent_covered_display": "0", "missing_lines": 3, "excluded_lines": 0, "percent_statements_covered": 0.0, "percent_statements_covered_display": "0"}, "missing_lines": [30, 32, 34], "excluded_lines": []}, "root": {"executed_lines": [], "summary": {"covered_lines": 0, "num_statements": 1, "percent_covered": 0.0, "percent_covered_display": "0", "missing_lines": 1, "excluded_lines": 0, "percent_statements_covered": 0.0, "percent_statements_covered_display": "0"}, "missing_lines": [74], "excluded_lines": []}, "health_check": {"executed_lines": [], "summary": {"covered_lines": 0, "num_statements": 1, "percent_covered": 0.0, "percent_covered_display": "0", "missing_lines": 1, "excluded_lines": 0, "percent_statements_covered": 0.0, "percent_statements_covered_display": "0"}, "missing_lines": [91], "excluded_lines": []}, "": {"executed_lines": [], "summary": {"covered_lines": 0, "num_statements": 22, "percent_covered": 0.0, "percent_covered_display": "0", "missing_lines": 22, "excluded_lines": 0, "percent_statements_covered": 0.0, "percent_statements_covered_display": "0"}, "missing_lines": [5, 7, 9, 11, 14, 16, 18, 22, 23, 38, 46, 55, 57, 59, 62, 66, 67, 83, 84, 95, 97, 99], "excluded_lines": []}}, "classes": {"": {"executed_lines": [], "summary": {"covered_lines": 0, "num_statements": 27, "percent_covered": 0.0, "percent_covered_display": "0", "missing_lines": 27, "excluded_lines": 0, "percent_statements_covered": 0.0, "percent_statements_covered_display": "0"}, "missing_lines": [5, 7, 9, 11, 14, 16, 18, 22, 23, 30, 32, 34, 38, 46, 55, 57, 59, 62, 66, 67, 74, 83, 84, 91, 95, 97, 99], "excluded_lines": []}}}, "app\\models\\__init__.py": {"executed_lines": [2], "summary": {"covered_lines": 0, "num_statements": 0, "percent_covered": 100.0, "percent_covered_display": "100", "missing_lines": 0, "excluded_lines": 0, "percent_statements_covered": 100.0, "percent_statements_covered_display": "100"}, "missing_lines": [], "excluded_lines": [], "functions": {"": {"executed_lines": [2], "summary": {"covered_lines": 0, "num_statements": 0, "percent_covered": 100.0, "percent_covered_display": "100", "missing_lines": 0, "excluded_lines": 0, "percent_statements_covered": 100.0, "percent_statements_covered_display": "100"}, "missing_lines": [], "excluded_lines": []}}, "classes": {"": {"executed_lines": [2], "summary": {"covered_lines": 0, "num_statements": 0, "percent_covered": 100.0, "percent_covered_display": "100", "missing_lines": 0, "excluded_lines": 0, "percent_statements_covered": 100.0, "percent_statements_covered_display": "100"}, "missing_lines": [], "excluded_lines": []}}}, "app\\models\\case.py": {"executed_lines": [1, 6, 8, 10, 12, 16, 17, 23, 26, 28, 30, 32, 34, 36, 38, 42, 44, 54, 67, 68, 74, 77, 80, 82, 84, 86, 88, 90, 92, 94, 96, 98, 101, 103, 104, 114, 116, 117, 119, 120, 122, 124, 126, 136, 138, 140, 150], "summary": {"covered_lines": 44, "num_statements": 44, "percent_covered": 100.0, "percent_covered_display": "100", "missing_lines": 0, "excluded_lines": 0, "percent_statements_covered": 100.0, "percent_statements_covered_display": "100"}, "missing_lines": [], "excluded_lines": [], "functions": {"TestCase.to_dict": {"executed_lines": [54], "summary": {"covered_lines": 1, "num_statements": 1, "percent_covered": 100.0, "percent_covered_display": "100", "missing_lines": 0, "excluded_lines": 0, "percent_statements_covered": 100.0, "percent_statements_covered_display": "100"}, "missing_lines": [], "excluded_lines": []}, "TestStep.params_dict": {"executed_lines": [114, 116, 117, 119, 120, 122, 124], "summary": {"covered_lines": 7, "num_statements": 7, "percent_covered": 100.0, "percent_covered_display": "100", "missing_lines": 0, "excluded_lines": 0, "percent_statements_covered": 100.0, "percent_statements_covered_display": "100"}, "missing_lines": [], "excluded_lines": []}, "TestStep.set_params": {"executed_lines": [136, 138], "summary": {"covered_lines": 2, "num_statements": 2, "percent_covered": 100.0, "percent_covered_display": "100", "missing_lines": 0, "excluded_lines": 0, "percent_statements_covered": 100.0, "percent_statements_covered_display": "100"}, "missing_lines": [], "excluded_lines": []}, "TestStep.to_dict": {"executed_lines": [150], "summary": {"covered_lines": 1, "num_statements": 1, "percent_covered": 100.0, "percent_covered_display": "100", "missing_lines": 0, "excluded_lines": 0, "percent_statements_covered": 100.0, "percent_statements_covered_display": "100"}, "missing_lines": [], "excluded_lines": []}, "": {"executed_lines": [1, 6, 8, 10, 12, 16, 17, 23, 26, 28, 30, 32, 34, 36, 38, 42, 44, 67, 68, 74, 77, 80, 82, 84, 86, 88, 90, 92, 94, 96, 98, 101, 103, 104, 126, 140], "summary": {"covered_lines": 33, "num_statements": 33, "percent_covered": 100.0, "percent_covered_display": "100", "missing_lines": 0, "excluded_lines": 0, "percent_statements_covered": 100.0, "percent_statements_covered_display": "100"}, "missing_lines": [], "excluded_lines": []}}, "classes": {"TestCase": {"executed_lines": [54], "summary": {"covered_lines": 1, "num_statements": 1, "percent_covered": 100.0, "percent_covered_display": "100", "missing_lines": 0, "excluded_lines": 0, "percent_statements_covered": 100.0, "percent_statements_covered_display": "100"}, "missing_lines": [], "excluded_lines": []}, "TestStep": {"executed_lines": [114, 116, 117, 119, 120, 122, 124, 136, 138, 150], "summary": {"covered_lines": 10, "num_statements": 10, "percent_covered": 100.0, "percent_covered_display": "100", "missing_lines": 0, "excluded_lines": 0, "percent_statements_covered": 100.0, "percent_statements_covered_display": "100"}, "missing_lines": [], "excluded_lines": []}, "": {"executed_lines": [1, 6, 8, 10, 12, 16, 17, 23, 26, 28, 30, 32, 34, 36, 38, 42, 44, 67, 68, 74, 77, 80, 82, 84, 86, 88, 90, 92, 94, 96, 98, 101, 103, 104, 126, 140], "summary": {"covered_lines": 33, "num_statements": 33, "percent_covered": 100.0, "percent_covered_display": "100", "missing_lines": 0, "excluded_lines": 0, "percent_statements_covered": 100.0, "percent_statements_covered_display": "100"}, "missing_lines": [], "excluded_lines": []}}}, "app\\models\\database.py": {"executed_lines": [1, 6, 8, 10, 13, 20, 30, 31, 36, 40, 56, 57, 59, 62, 66, 87], "summary": {"covered_lines": 14, "num_statements": 17, "percent_covered": 82.3529411764706, "percent_covered_display": "82", "missing_lines": 3, "excluded_lines": 1, "percent_statements_covered": 82.3529411764706, "percent_statements_covered_display": "82"}, "missing_lines": [81, 83, 102], "excluded_lines": [41], "functions": {"get_db": {"executed_lines": [56, 57, 59, 62], "summary": {"covered_lines": 4, "num_statements": 4, "percent_covered": 100.0, "percent_covered_display": "100", "missing_lines": 0, "excluded_lines": 1, "percent_statements_covered": 100.0, "percent_statements_covered_display": "100"}, "missing_lines": [], "excluded_lines": [41]}, "init_db": {"executed_lines": [], "summary": {"covered_lines": 0, "num_statements": 2, "percent_covered": 0.0, "percent_covered_display": "0", "missing_lines": 2, "excluded_lines": 0, "percent_statements_covered": 0.0, "percent_statements_covered_display": "0"}, "missing_lines": [81, 83], "excluded_lines": []}, "close_db": {"executed_lines": [], "summary": {"covered_lines": 0, "num_statements": 1, "percent_covered": 0.0, "percent_covered_display": "0", "missing_lines": 1, "excluded_lines": 0, "percent_statements_covered": 0.0, "percent_statements_covered_display": "0"}, "missing_lines": [102], "excluded_lines": []}, "": {"executed_lines": [1, 6, 8, 10, 13, 20, 30, 31, 36, 40, 66, 87], "summary": {"covered_lines": 10, "num_statements": 10, "percent_covered": 100.0, "percent_covered_display": "100", "missing_lines": 0, "excluded_lines": 0, "percent_statements_covered": 100.0, "percent_statements_covered_display": "100"}, "missing_lines": [], "excluded_lines": []}}, "classes": {"Base": {"executed_lines": [], "summary": {"covered_lines": 0, "num_statements": 0, "percent_covered": 100.0, "percent_covered_display": "100", "missing_lines": 0, "excluded_lines": 0, "percent_statements_covered": 100.0, "percent_statements_covered_display": "100"}, "missing_lines": [], "excluded_lines": []}, "": {"executed_lines": [1, 6, 8, 10, 13, 20, 30, 31, 36, 40, 56, 57, 59, 62, 66, 87], "summary": {"covered_lines": 14, "num_statements": 17, "percent_covered": 82.3529411764706, "percent_covered_display": "82", "missing_lines": 3, "excluded_lines": 1, "percent_statements_covered": 82.3529411764706, "percent_statements_covered_display": "82"}, "missing_lines": [81, 83, 102], "excluded_lines": [41]}}}, "app\\models\\execution.py": {"executed_lines": [1, 6, 8, 10, 12, 16, 17, 23, 26, 28, 30, 32, 34, 36, 38, 40, 42, 44, 46, 48, 50, 54, 56, 57, 67, 68, 70, 72, 73, 83, 85, 87, 89, 91, 101, 122, 123, 129, 132, 135, 138, 140, 142, 144, 146, 148, 150, 152, 154, 156, 158, 161, 163, 164, 174, 176, 177, 179, 180, 182, 184, 186, 196, 198, 200, 210], "summary": {"covered_lines": 63, "num_statements": 63, "percent_covered": 100.0, "percent_covered_display": "100", "missing_lines": 0, "excluded_lines": 0, "percent_statements_covered": 100.0, "percent_statements_covered_display": "100"}, "missing_lines": [], "excluded_lines": [], "functions": {"Execution.pass_rate": {"executed_lines": [67, 68, 70], "summary": {"covered_lines": 3, "num_statements": 3, "percent_covered": 100.0, "percent_covered_display": "100", "missing_lines": 0, "excluded_lines": 0, "percent_statements_covered": 100.0, "percent_statements_covered_display": "100"}, "missing_lines": [], "excluded_lines": []}, "Execution.duration": {"executed_lines": [83, 85, 87, 89], "summary": {"covered_lines": 4, "num_statements": 4, "percent_covered": 100.0, "percent_covered_display": "100", "missing_lines": 0, "excluded_lines": 0, "percent_statements_covered": 100.0, "percent_statements_covered_display": "100"}, "missing_lines": [], "excluded_lines": []}, "Execution.to_dict": {"executed_lines": [101], "summary": {"covered_lines": 1, "num_statements": 1, "percent_covered": 100.0, "percent_covered_display": "100", "missing_lines": 0, "excluded_lines": 0, "percent_statements_covered": 100.0, "percent_statements_covered_display": "100"}, "missing_lines": [], "excluded_lines": []}, "ExecutionDetail.logs_list": {"executed_lines": [174, 176, 177, 179, 180, 182, 184], "summary": {"covered_lines": 7, "num_statements": 7, "percent_covered": 100.0, "percent_covered_display": "100", "missing_lines": 0, "excluded_lines": 0, "percent_statements_covered": 100.0, "percent_statements_covered_display": "100"}, "missing_lines": [], "excluded_lines": []}, "ExecutionDetail.set_logs": {"executed_lines": [196, 198], "summary": {"covered_lines": 2, "num_statements": 2, "percent_covered": 100.0, "percent_covered_display": "100", "missing_lines": 0, "excluded_lines": 0, "percent_statements_covered": 100.0, "percent_statements_covered_display": "100"}, "missing_lines": [], "excluded_lines": []}, "ExecutionDetail.to_dict": {"executed_lines": [210], "summary": {"covered_lines": 1, "num_statements": 1, "percent_covered": 100.0, "percent_covered_display": "100", "missing_lines": 0, "excluded_lines": 0, "percent_statements_covered": 100.0, "percent_statements_covered_display": "100"}, "missing_lines": [], "excluded_lines": []}, "": {"executed_lines": [1, 6, 8, 10, 12, 16, 17, 23, 26, 28, 30, 32, 34, 36, 38, 40, 42, 44, 46, 48, 50, 54, 56, 57, 72, 73, 91, 122, 123, 129, 132, 135, 138, 140, 142, 144, 146, 148, 150, 152, 154, 156, 158, 161, 163, 164, 186, 200], "summary": {"covered_lines": 45, "num_statements": 45, "percent_covered": 100.0, "percent_covered_display": "100", "missing_lines": 0, "excluded_lines": 0, "percent_statements_covered": 100.0, "percent_statements_covered_display": "100"}, "missing_lines": [], "excluded_lines": []}}, "classes": {"Execution": {"executed_lines": [67, 68, 70, 83, 85, 87, 89, 101], "summary": {"covered_lines": 8, "num_statements": 8, "percent_covered": 100.0, "percent_covered_display": "100", "missing_lines": 0, "excluded_lines": 0, "percent_statements_covered": 100.0, "percent_statements_covered_display": "100"}, "missing_lines": [], "excluded_lines": []}, "ExecutionDetail": {"executed_lines": [174, 176, 177, 179, 180, 182, 184, 196, 198, 210], "summary": {"covered_lines": 10, "num_statements": 10, "percent_covered": 100.0, "percent_covered_display": "100", "missing_lines": 0, "excluded_lines": 0, "percent_statements_covered": 100.0, "percent_statements_covered_display": "100"}, "missing_lines": [], "excluded_lines": []}, "": {"executed_lines": [1, 6, 8, 10, 12, 16, 17, 23, 26, 28, 30, 32, 34, 36, 38, 40, 42, 44, 46, 48, 50, 54, 56, 57, 72, 73, 91, 122, 123, 129, 132, 135, 138, 140, 142, 144, 146, 148, 150, 152, 154, 156, 158, 161, 163, 164, 186, 200], "summary": {"covered_lines": 45, "num_statements": 45, "percent_covered": 100.0, "percent_covered_display": "100", "missing_lines": 0, "excluded_lines": 0, "percent_statements_covered": 100.0, "percent_statements_covered_display": "100"}, "missing_lines": [], "excluded_lines": []}}}, "app\\schemas\\__init__.py": {"executed_lines": [2], "summary": {"covered_lines": 0, "num_statements": 0, "percent_covered": 100.0, "percent_covered_display": "100", "missing_lines": 0, "excluded_lines": 0, "percent_statements_covered": 100.0, "percent_statements_covered_display": "100"}, "missing_lines": [], "excluded_lines": [], "functions": {"": {"executed_lines": [2], "summary": {"covered_lines": 0, "num_statements": 0, "percent_covered": 100.0, "percent_covered_display": "100", "missing_lines": 0, "excluded_lines": 0, "percent_statements_covered": 100.0, "percent_statements_covered_display": "100"}, "missing_lines": [], "excluded_lines": []}}, "classes": {"": {"executed_lines": [2], "summary": {"covered_lines": 0, "num_statements": 0, "percent_covered": 100.0, "percent_covered_display": "100", "missing_lines": 0, "excluded_lines": 0, "percent_statements_covered": 100.0, "percent_statements_covered_display": "100"}, "missing_lines": [], "excluded_lines": []}}}, "app\\schemas\\case.py": {"executed_lines": [1, 6, 8, 10, 16, 17, 23, 25, 27, 29, 31, 33, 35, 39, 40, 45, 49, 50, 55, 59, 60, 66, 68, 70, 72, 75, 77, 83, 84, 90, 92, 94, 96, 100, 101, 107, 111, 112, 119, 121, 125, 126, 132, 134, 136, 138, 141, 143, 147, 148, 154, 156, 158, 160, 162, 164, 166, 168, 171, 173, 179, 180, 186, 190, 191, 197, 203, 204, 210, 212, 214, 216, 218], "summary": {"covered_lines": 60, "num_statements": 60, "percent_covered": 100.0, "percent_covered_display": "100", "missing_lines": 0, "excluded_lines": 0, "percent_statements_covered": 100.0, "percent_statements_covered_display": "100"}, "missing_lines": [], "excluded_lines": [], "functions": {"": {"executed_lines": [1, 6, 8, 10, 16, 17, 23, 25, 27, 29, 31, 33, 35, 39, 40, 45, 49, 50, 55, 59, 60, 66, 68, 70, 72, 75, 77, 83, 84, 90, 92, 94, 96, 100, 101, 107, 111, 112, 119, 121, 125, 126, 132, 134, 136, 138, 141, 143, 147, 148, 154, 156, 158, 160, 162, 164, 166, 168, 171, 173, 179, 180, 186, 190, 191, 197, 203, 204, 210, 212, 214, 216, 218], "summary": {"covered_lines": 60, "num_statements": 60, "percent_covered": 100.0, "percent_covered_display": "100", "missing_lines": 0, "excluded_lines": 0, "percent_statements_covered": 100.0, "percent_statements_covered_display": "100"}, "missing_lines": [], "excluded_lines": []}}, "classes": {"StepBase": {"executed_lines": [], "summary": {"covered_lines": 0, "num_statements": 0, "percent_covered": 100.0, "percent_covered_display": "100", "missing_lines": 0, "excluded_lines": 0, "percent_statements_covered": 100.0, "percent_statements_covered_display": "100"}, "missing_lines": [], "excluded_lines": []}, "StepCreate": {"executed_lines": [], "summary": {"covered_lines": 0, "num_statements": 0, "percent_covered": 100.0, "percent_covered_display": "100", "missing_lines": 0, "excluded_lines": 0, "percent_statements_covered": 100.0, "percent_statements_covered_display": "100"}, "missing_lines": [], "excluded_lines": []}, "StepUpdate": {"executed_lines": [], "summary": {"covered_lines": 0, "num_statements": 0, "percent_covered": 100.0, "percent_covered_display": "100", "missing_lines": 0, "excluded_lines": 0, "percent_statements_covered": 100.0, "percent_statements_covered_display": "100"}, "missing_lines": [], "excluded_lines": []}, "StepResponse": {"executed_lines": [], "summary": {"covered_lines": 0, "num_statements": 0, "percent_covered": 100.0, "percent_covered_display": "100", "missing_lines": 0, "excluded_lines": 0, "percent_statements_covered": 100.0, "percent_statements_covered_display": "100"}, "missing_lines": [], "excluded_lines": []}, "StepResponse.Config": {"executed_lines": [], "summary": {"covered_lines": 0, "num_statements": 0, "percent_covered": 100.0, "percent_covered_display": "100", "missing_lines": 0, "excluded_lines": 0, "percent_statements_covered": 100.0, "percent_statements_covered_display": "100"}, "missing_lines": [], "excluded_lines": []}, "CaseBase": {"executed_lines": [], "summary": {"covered_lines": 0, "num_statements": 0, "percent_covered": 100.0, "percent_covered_display": "100", "missing_lines": 0, "excluded_lines": 0, "percent_statements_covered": 100.0, "percent_statements_covered_display": "100"}, "missing_lines": [], "excluded_lines": []}, "CaseCreate": {"executed_lines": [], "summary": {"covered_lines": 0, "num_statements": 0, "percent_covered": 100.0, "percent_covered_display": "100", "missing_lines": 0, "excluded_lines": 0, "percent_statements_covered": 100.0, "percent_statements_covered_display": "100"}, "missing_lines": [], "excluded_lines": []}, "CaseUpdate": {"executed_lines": [], "summary": {"covered_lines": 0, "num_statements": 0, "percent_covered": 100.0, "percent_covered_display": "100", "missing_lines": 0, "excluded_lines": 0, "percent_statements_covered": 100.0, "percent_statements_covered_display": "100"}, "missing_lines": [], "excluded_lines": []}, "CaseResponse": {"executed_lines": [], "summary": {"covered_lines": 0, "num_statements": 0, "percent_covered": 100.0, "percent_covered_display": "100", "missing_lines": 0, "excluded_lines": 0, "percent_statements_covered": 100.0, "percent_statements_covered_display": "100"}, "missing_lines": [], "excluded_lines": []}, "CaseResponse.Config": {"executed_lines": [], "summary": {"covered_lines": 0, "num_statements": 0, "percent_covered": 100.0, "percent_covered_display": "100", "missing_lines": 0, "excluded_lines": 0, "percent_statements_covered": 100.0, "percent_statements_covered_display": "100"}, "missing_lines": [], "excluded_lines": []}, "CaseListResponse": {"executed_lines": [], "summary": {"covered_lines": 0, "num_statements": 0, "percent_covered": 100.0, "percent_covered_display": "100", "missing_lines": 0, "excluded_lines": 0, "percent_statements_covered": 100.0, "percent_statements_covered_display": "100"}, "missing_lines": [], "excluded_lines": []}, "CaseListResponse.Config": {"executed_lines": [], "summary": {"covered_lines": 0, "num_statements": 0, "percent_covered": 100.0, "percent_covered_display": "100", "missing_lines": 0, "excluded_lines": 0, "percent_statements_covered": 100.0, "percent_statements_covered_display": "100"}, "missing_lines": [], "excluded_lines": []}, "BatchStepCreate": {"executed_lines": [], "summary": {"covered_lines": 0, "num_statements": 0, "percent_covered": 100.0, "percent_covered_display": "100", "missing_lines": 0, "excluded_lines": 0, "percent_statements_covered": 100.0, "percent_statements_covered_display": "100"}, "missing_lines": [], "excluded_lines": []}, "BatchDeleteRequest": {"executed_lines": [], "summary": {"covered_lines": 0, "num_statements": 0, "percent_covered": 100.0, "percent_covered_display": "100", "missing_lines": 0, "excluded_lines": 0, "percent_statements_covered": 100.0, "percent_statements_covered_display": "100"}, "missing_lines": [], "excluded_lines": []}, "CaseQueryParams": {"executed_lines": [], "summary": {"covered_lines": 0, "num_statements": 0, "percent_covered": 100.0, "percent_covered_display": "100", "missing_lines": 0, "excluded_lines": 0, "percent_statements_covered": 100.0, "percent_statements_covered_display": "100"}, "missing_lines": [], "excluded_lines": []}, "": {"executed_lines": [1, 6, 8, 10, 16, 17, 23, 25, 27, 29, 31, 33, 35, 39, 40, 45, 49, 50, 55, 59, 60, 66, 68, 70, 72, 75, 77, 83, 84, 90, 92, 94, 96, 100, 101, 107, 111, 112, 119, 121, 125, 126, 132, 134, 136, 138, 141, 143, 147, 148, 154, 156, 158, 160, 162, 164, 166, 168, 171, 173, 179, 180, 186, 190, 191, 197, 203, 204, 210, 212, 214, 216, 218], "summary": {"covered_lines": 60, "num_statements": 60, "percent_covered": 100.0, "percent_covered_display": "100", "missing_lines": 0, "excluded_lines": 0, "percent_statements_covered": 100.0, "percent_statements_covered_display": "100"}, "missing_lines": [], "excluded_lines": []}}}, "app\\schemas\\common.py": {"executed_lines": [1, 6, 8, 12, 16, 17, 23, 25, 27, 30, 32, 42, 43, 49, 51, 53, 55, 57, 59, 61, 64, 66, 80, 81, 87, 89, 91, 93, 96, 98], "summary": {"covered_lines": 26, "num_statements": 26, "percent_covered": 100.0, "percent_covered_display": "100", "missing_lines": 0, "excluded_lines": 0, "percent_statements_covered": 100.0, "percent_statements_covered_display": "100"}, "missing_lines": [], "excluded_lines": [], "functions": {"": {"executed_lines": [1, 6, 8, 12, 16, 17, 23, 25, 27, 30, 32, 42, 43, 49, 51, 53, 55, 57, 59, 61, 64, 66, 80, 81, 87, 89, 91, 93, 96, 98], "summary": {"covered_lines": 26, "num_statements": 26, "percent_covered": 100.0, "percent_covered_display": "100", "missing_lines": 0, "excluded_lines": 0, "percent_statements_covered": 100.0, "percent_statements_covered_display": "100"}, "missing_lines": [], "excluded_lines": []}}, "classes": {"ApiResponse": {"executed_lines": [], "summary": {"covered_lines": 0, "num_statements": 0, "percent_covered": 100.0, "percent_covered_display": "100", "missing_lines": 0, "excluded_lines": 0, "percent_statements_covered": 100.0, "percent_statements_covered_display": "100"}, "missing_lines": [], "excluded_lines": []}, "ApiResponse.Config": {"executed_lines": [], "summary": {"covered_lines": 0, "num_statements": 0, "percent_covered": 100.0, "percent_covered_display": "100", "missing_lines": 0, "excluded_lines": 0, "percent_statements_covered": 100.0, "percent_statements_covered_display": "100"}, "missing_lines": [], "excluded_lines": []}, "PaginatedResponse": {"executed_lines": [], "summary": {"covered_lines": 0, "num_statements": 0, "percent_covered": 100.0, "percent_covered_display": "100", "missing_lines": 0, "excluded_lines": 0, "percent_statements_covered": 100.0, "percent_statements_covered_display": "100"}, "missing_lines": [], "excluded_lines": []}, "PaginatedResponse.Config": {"executed_lines": [], "summary": {"covered_lines": 0, "num_statements": 0, "percent_covered": 100.0, "percent_covered_display": "100", "missing_lines": 0, "excluded_lines": 0, "percent_statements_covered": 100.0, "percent_statements_covered_display": "100"}, "missing_lines": [], "excluded_lines": []}, "ErrorResponse": {"executed_lines": [], "summary": {"covered_lines": 0, "num_statements": 0, "percent_covered": 100.0, "percent_covered_display": "100", "missing_lines": 0, "excluded_lines": 0, "percent_statements_covered": 100.0, "percent_statements_covered_display": "100"}, "missing_lines": [], "excluded_lines": []}, "ErrorResponse.Config": {"executed_lines": [], "summary": {"covered_lines": 0, "num_statements": 0, "percent_covered": 100.0, "percent_covered_display": "100", "missing_lines": 0, "excluded_lines": 0, "percent_statements_covered": 100.0, "percent_statements_covered_display": "100"}, "missing_lines": [], "excluded_lines": []}, "": {"executed_lines": [1, 6, 8, 12, 16, 17, 23, 25, 27, 30, 32, 42, 43, 49, 51, 53, 55, 57, 59, 61, 64, 66, 80, 81, 87, 89, 91, 93, 96, 98], "summary": {"covered_lines": 26, "num_statements": 26, "percent_covered": 100.0, "percent_covered_display": "100", "missing_lines": 0, "excluded_lines": 0, "percent_statements_covered": 100.0, "percent_statements_covered_display": "100"}, "missing_lines": [], "excluded_lines": []}}}, "app\\schemas\\execution.py": {"executed_lines": [1, 6, 8, 10, 16, 17, 23, 25, 27, 29, 31, 34, 36, 50, 51, 57, 59, 61, 63, 65, 67, 69, 71, 73, 75, 77, 79, 81, 83, 85, 88, 90, 94, 95, 101, 103, 105, 107, 109, 111, 113, 115, 117, 119, 122, 124, 130, 131, 137, 139, 141, 143, 145, 147, 149, 151, 153, 155, 157, 159, 161, 164, 166, 172, 173, 179, 181, 183, 185, 187, 189, 191, 197, 198, 204, 206, 208, 210], "summary": {"covered_lines": 71, "num_statements": 71, "percent_covered": 100.0, "percent_covered_display": "100", "missing_lines": 0, "excluded_lines": 0, "percent_statements_covered": 100.0, "percent_statements_covered_display": "100"}, "missing_lines": [], "excluded_lines": [], "functions": {"": {"executed_lines": [1, 6, 8, 10, 16, 17, 23, 25, 27, 29, 31, 34, 36, 50, 51, 57, 59, 61, 63, 65, 67, 69, 71, 73, 75, 77, 79, 81, 83, 85, 88, 90, 94, 95, 101, 103, 105, 107, 109, 111, 113, 115, 117, 119, 122, 124, 130, 131, 137, 139, 141, 143, 145, 147, 149, 151, 153, 155, 157, 159, 161, 164, 166, 172, 173, 179, 181, 183, 185, 187, 189, 191, 197, 198, 204, 206, 208, 210], "summary": {"covered_lines": 71, "num_statements": 71, "percent_covered": 100.0, "percent_covered_display": "100", "missing_lines": 0, "excluded_lines": 0, "percent_statements_covered": 100.0, "percent_statements_covered_display": "100"}, "missing_lines": [], "excluded_lines": []}}, "classes": {"ExecutionCreate": {"executed_lines": [], "summary": {"covered_lines": 0, "num_statements": 0, "percent_covered": 100.0, "percent_covered_display": "100", "missing_lines": 0, "excluded_lines": 0, "percent_statements_covered": 100.0, "percent_statements_covered_display": "100"}, "missing_lines": [], "excluded_lines": []}, "ExecutionCreate.Config": {"executed_lines": [], "summary": {"covered_lines": 0, "num_statements": 0, "percent_covered": 100.0, "percent_covered_display": "100", "missing_lines": 0, "excluded_lines": 0, "percent_statements_covered": 100.0, "percent_statements_covered_display": "100"}, "missing_lines": [], "excluded_lines": []}, "ExecutionResponse": {"executed_lines": [], "summary": {"covered_lines": 0, "num_statements": 0, "percent_covered": 100.0, "percent_covered_display": "100", "missing_lines": 0, "excluded_lines": 0, "percent_statements_covered": 100.0, "percent_statements_covered_display": "100"}, "missing_lines": [], "excluded_lines": []}, "ExecutionResponse.Config": {"executed_lines": [], "summary": {"covered_lines": 0, "num_statements": 0, "percent_covered": 100.0, "percent_covered_display": "100", "missing_lines": 0, "excluded_lines": 0, "percent_statements_covered": 100.0, "percent_statements_covered_display": "100"}, "missing_lines": [], "excluded_lines": []}, "ExecutionListResponse": {"executed_lines": [], "summary": {"covered_lines": 0, "num_statements": 0, "percent_covered": 100.0, "percent_covered_display": "100", "missing_lines": 0, "excluded_lines": 0, "percent_statements_covered": 100.0, "percent_statements_covered_display": "100"}, "missing_lines": [], "excluded_lines": []}, "ExecutionListResponse.Config": {"executed_lines": [], "summary": {"covered_lines": 0, "num_statements": 0, "percent_covered": 100.0, "percent_covered_display": "100", "missing_lines": 0, "excluded_lines": 0, "percent_statements_covered": 100.0, "percent_statements_covered_display": "100"}, "missing_lines": [], "excluded_lines": []}, "ExecutionDetailResponse": {"executed_lines": [], "summary": {"covered_lines": 0, "num_statements": 0, "percent_covered": 100.0, "percent_covered_display": "100", "missing_lines": 0, "excluded_lines": 0, "percent_statements_covered": 100.0, "percent_statements_covered_display": "100"}, "missing_lines": [], "excluded_lines": []}, "ExecutionDetailResponse.Config": {"executed_lines": [], "summary": {"covered_lines": 0, "num_statements": 0, "percent_covered": 100.0, "percent_covered_display": "100", "missing_lines": 0, "excluded_lines": 0, "percent_statements_covered": 100.0, "percent_statements_covered_display": "100"}, "missing_lines": [], "excluded_lines": []}, "ExecutionLogMessage": {"executed_lines": [], "summary": {"covered_lines": 0, "num_statements": 0, "percent_covered": 100.0, "percent_covered_display": "100", "missing_lines": 0, "excluded_lines": 0, "percent_statements_covered": 100.0, "percent_statements_covered_display": "100"}, "missing_lines": [], "excluded_lines": []}, "ExecutionQueryParams": {"executed_lines": [], "summary": {"covered_lines": 0, "num_statements": 0, "percent_covered": 100.0, "percent_covered_display": "100", "missing_lines": 0, "excluded_lines": 0, "percent_statements_covered": 100.0, "percent_statements_covered_display": "100"}, "missing_lines": [], "excluded_lines": []}, "": {"executed_lines": [1, 6, 8, 10, 16, 17, 23, 25, 27, 29, 31, 34, 36, 50, 51, 57, 59, 61, 63, 65, 67, 69, 71, 73, 75, 77, 79, 81, 83, 85, 88, 90, 94, 95, 101, 103, 105, 107, 109, 111, 113, 115, 117, 119, 122, 124, 130, 131, 137, 139, 141, 143, 145, 147, 149, 151, 153, 155, 157, 159, 161, 164, 166, 172, 173, 179, 181, 183, 185, 187, 189, 191, 197, 198, 204, 206, 208, 210], "summary": {"covered_lines": 71, "num_statements": 71, "percent_covered": 100.0, "percent_covered_display": "100", "missing_lines": 0, "excluded_lines": 0, "percent_statements_covered": 100.0, "percent_statements_covered_display": "100"}, "missing_lines": [], "excluded_lines": []}}}, "app\\schemas\\report.py": {"executed_lines": [1, 5, 6, 11, 12, 13, 14, 15, 20, 21, 22, 23, 24, 25, 26, 27, 28, 29, 32, 33, 34, 35, 36, 37, 38, 39, 40, 41, 42, 43, 44, 47, 48, 49, 50, 53, 54, 55, 56, 57], "summary": {"covered_lines": 34, "num_statements": 34, "percent_covered": 100.0, "percent_covered_display": "100", "missing_lines": 0, "excluded_lines": 0, "percent_statements_covered": 100.0, "percent_statements_covered_display": "100"}, "missing_lines": [], "excluded_lines": [], "functions": {"": {"executed_lines": [1, 5, 6, 11, 12, 13, 14, 15, 20, 21, 22, 23, 24, 25, 26, 27, 28, 29, 32, 33, 34, 35, 36, 37, 38, 39, 40, 41, 42, 43, 44, 47, 48, 49, 50, 53, 54, 55, 56, 57], "summary": {"covered_lines": 34, "num_statements": 34, "percent_covered": 100.0, "percent_covered_display": "100", "missing_lines": 0, "excluded_lines": 0, "percent_statements_covered": 100.0, "percent_statements_covered_display": "100"}, "missing_lines": [], "excluded_lines": []}}, "classes": {"ReportGenerateRequest": {"executed_lines": [], "summary": {"covered_lines": 0, "num_statements": 0, "percent_covered": 100.0, "percent_covered_display": "100", "missing_lines": 0, "excluded_lines": 0, "percent_statements_covered": 100.0, "percent_statements_covered_display": "100"}, "missing_lines": [], "excluded_lines": []}, "CaseResultSummary": {"executed_lines": [], "summary": {"covered_lines": 0, "num_statements": 0, "percent_covered": 100.0, "percent_covered_display": "100", "missing_lines": 0, "excluded_lines": 0, "percent_statements_covered": 100.0, "percent_statements_covered_display": "100"}, "missing_lines": [], "excluded_lines": []}, "ExecutionSummary": {"executed_lines": [], "summary": {"covered_lines": 0, "num_statements": 0, "percent_covered": 100.0, "percent_covered_display": "100", "missing_lines": 0, "excluded_lines": 0, "percent_statements_covered": 100.0, "percent_statements_covered_display": "100"}, "missing_lines": [], "excluded_lines": []}, "ReportData": {"executed_lines": [], "summary": {"covered_lines": 0, "num_statements": 0, "percent_covered": 100.0, "percent_covered_display": "100", "missing_lines": 0, "excluded_lines": 0, "percent_statements_covered": 100.0, "percent_statements_covered_display": "100"}, "missing_lines": [], "excluded_lines": []}, "ReportResponse": {"executed_lines": [], "summary": {"covered_lines": 0, "num_statements": 0, "percent_covered": 100.0, "percent_covered_display": "100", "missing_lines": 0, "excluded_lines": 0, "percent_statements_covered": 100.0, "percent_statements_covered_display": "100"}, "missing_lines": [], "excluded_lines": []}, "": {"executed_lines": [1, 5, 6, 11, 12, 13, 14, 15, 20, 21, 22, 23, 24, 25, 26, 27, 28, 29, 32, 33, 34, 35, 36, 37, 38, 39, 40, 41, 42, 43, 44, 47, 48, 49, 50, 53, 54, 55, 56, 57], "summary": {"covered_lines": 34, "num_statements": 34, "percent_covered": 100.0, "percent_covered_display": "100", "missing_lines": 0, "excluded_lines": 0, "percent_statements_covered": 100.0, "percent_statements_covered_display": "100"}, "missing_lines": [], "excluded_lines": []}}}, "app\\services\\__init__.py": {"executed_lines": [2], "summary": {"covered_lines": 0, "num_statements": 0, "percent_covered": 100.0, "percent_covered_display": "100", "missing_lines": 0, "excluded_lines": 0, "percent_statements_covered": 100.0, "percent_statements_covered_display": "100"}, "missing_lines": [], "excluded_lines": [], "functions": {"": {"executed_lines": [2], "summary": {"covered_lines": 0, "num_statements": 0, "percent_covered": 100.0, "percent_covered_display": "100", "missing_lines": 0, "excluded_lines": 0, "percent_statements_covered": 100.0, "percent_statements_covered_display": "100"}, "missing_lines": [], "excluded_lines": []}}, "classes": {"": {"executed_lines": [2], "summary": {"covered_lines": 0, "num_statements": 0, "percent_covered": 100.0, "percent_covered_display": "100", "missing_lines": 0, "excluded_lines": 0, "percent_statements_covered": 100.0, "percent_statements_covered_display": "100"}, "missing_lines": [], "excluded_lines": []}}}, "app\\services\\case_service.py": {"executed_lines": [1, 6, 8, 10, 12, 14, 16, 20, 21, 28, 46, 49, 51, 52, 54, 55, 57, 60, 62, 64, 67, 69, 72, 74, 77, 80, 95, 97, 99, 102, 116, 124, 126, 129, 131, 142, 145, 147, 150, 153, 173, 175, 176, 179, 181, 182, 184, 185, 187, 188, 193, 195, 198, 201, 215, 217, 218, 221, 223, 226, 229, 242, 244, 246, 249, 252, 272, 274, 275, 278, 280, 283, 285, 296, 299, 301, 304, 308, 1971, 1981, 1983, 1990], "summary": {"covered_lines": 76, "num_statements": 77, "percent_covered": 98.7012987012987, "percent_covered_display": "99", "missing_lines": 1, "excluded_lines": 0, "percent_statements_covered": 98.7012987012987, "percent_statements_covered_display": "99"}, "missing_lines": [190], "excluded_lines": [], "functions": {"CaseService.get_cases": {"executed_lines": [46, 49, 51, 52, 54, 55, 57, 60, 62, 64, 67, 69, 72, 74, 77], "summary": {"covered_lines": 15, "num_statements": 15, "percent_covered": 100.0, "percent_covered_display": "100", "missing_lines": 0, "excluded_lines": 0, "percent_statements_covered": 100.0, "percent_statements_covered_display": "100"}, "missing_lines": [], "excluded_lines": []}, "CaseService.get_case_by_id": {"executed_lines": [95, 97, 99], "summary": {"covered_lines": 3, "num_statements": 3, "percent_covered": 100.0, "percent_covered_display": "100", "missing_lines": 0, "excluded_lines": 0, "percent_statements_covered": 100.0, "percent_statements_covered_display": "100"}, "missing_lines": [], "excluded_lines": []}, "CaseService.create_case": {"executed_lines": [116, 124, 126, 129, 131, 142, 145, 147, 150], "summary": {"covered_lines": 9, "num_statements": 9, "percent_covered": 100.0, "percent_covered_display": "100", "missing_lines": 0, "excluded_lines": 0, "percent_statements_covered": 100.0, "percent_statements_covered_display": "100"}, "missing_lines": [], "excluded_lines": []}, "CaseService.update_case": {"executed_lines": [173, 175, 176, 179, 181, 182, 184, 185, 187, 188, 193, 195, 198], "summary": {"covered_lines": 13, "num_statements": 14, "percent_covered": 92.85714285714286, "percent_covered_display": "93", "missing_lines": 1, "excluded_lines": 0, "percent_statements_covered": 92.85714285714286, "percent_statements_covered_display": "93"}, "missing_lines": [190], "excluded_lines": []}, "CaseService.delete_case": {"executed_lines": [215, 217, 218, 221, 223, 226], "summary": {"covered_lines": 6, "num_statements": 6, "percent_covered": 100.0, "percent_covered_display": "100", "missing_lines": 0, "excluded_lines": 0, "percent_statements_covered": 100.0, "percent_statements_covered_display": "100"}, "missing_lines": [], "excluded_lines": []}, "CaseService.batch_delete_cases": {"executed_lines": [242, 244, 246, 249], "summary": {"covered_lines": 4, "num_statements": 4, "percent_covered": 100.0, "percent_covered_display": "100", "missing_lines": 0, "excluded_lines": 0, "percent_statements_covered": 100.0, "percent_statements_covered_display": "100"}, "missing_lines": [], "excluded_lines": []}, "CaseService.save_steps": {"executed_lines": [272, 274, 275, 278, 280, 283, 285, 296, 299, 301, 304], "summary": {"covered_lines": 11, "num_statements": 11, "percent_covered": 100.0, "percent_covered_display": "100", "missing_lines": 0, "excluded_lines": 0, "percent_statements_covered": 100.0, "percent_statements_covered_display": "100"}, "missing_lines": [], "excluded_lines": []}, "": {"executed_lines": [1, 6, 8, 10, 12, 14, 16, 20, 21, 28, 80, 102, 153, 201, 229, 252, 308], "summary": {"covered_lines": 15, "num_statements": 15, "percent_covered": 100.0, "percent_covered_display": "100", "missing_lines": 0, "excluded_lines": 0, "percent_statements_covered": 100.0, "percent_statements_covered_display": "100"}, "missing_lines": [], "excluded_lines": []}}, "classes": {"CaseService": {"executed_lines": [46, 49, 51, 52, 54, 55, 57, 60, 62, 64, 67, 69, 72, 74, 77, 95, 97, 99, 116, 124, 126, 129, 131, 142, 145, 147, 150, 173, 175, 176, 179, 181, 182, 184, 185, 187, 188, 193, 195, 198, 215, 217, 218, 221, 223, 226, 242, 244, 246, 249, 272, 274, 275, 278, 280, 283, 285, 296, 299, 301, 304], "summary": {"covered_lines": 61, "num_statements": 62, "percent_covered": 98.38709677419355, "percent_covered_display": "98", "missing_lines": 1, "excluded_lines": 0, "percent_statements_covered": 98.38709677419355, "percent_statements_covered_display": "98"}, "missing_lines": [190], "excluded_lines": []}, "": {"executed_lines": [1, 6, 8, 10, 12, 14, 16, 20, 21, 28, 80, 102, 153, 201, 229, 252, 308], "summary": {"covered_lines": 15, "num_statements": 15, "percent_covered": 100.0, "percent_covered_display": "100", "missing_lines": 0, "excluded_lines": 0, "percent_statements_covered": 100.0, "percent_statements_covered_display": "100"}, "missing_lines": [], "excluded_lines": []}}}, "app\\services\\execution_service.py": {"executed_lines": [1, 6, 8, 10, 12, 14, 16, 18, 20, 22, 24, 26, 30, 31, 37, 39, 42, 59, 62, 64, 65, 67, 70, 72, 74, 77, 79, 82, 84, 87, 90, 105, 110, 112, 115, 120, 133, 135, 136, 137, 138, 139, 146, 147, 149, 150, 152, 155, 165, 166, 167, 168, 169, 172, 175, 193, 195, 199, 201, 209, 210, 213, 215, 222, 225, 227, 229, 232, 235, 238, 256, 258, 261, 262, 265, 267, 275, 277, 354, 368, 370, 371, 374, 375, 377, 378, 384, 385, 388, 390, 393, 396, 409, 413, 1971, 1981, 1983, 1990], "summary": {"covered_lines": 88, "num_statements": 123, "percent_covered": 71.54471544715447, "percent_covered_display": "72", "missing_lines": 35, "excluded_lines": 0, "percent_statements_covered": 71.54471544715447, "percent_statements_covered_display": "72"}, "missing_lines": [140, 141, 143, 196, 206, 280, 296, 299, 301, 304, 306, 307, 310, 311, 313, 315, 317, 318, 320, 323, 326, 327, 329, 331, 333, 335, 336, 341, 342, 343, 345, 348, 351, 379, 381], "excluded_lines": [], "functions": {"ExecutionService.__init__": {"executed_lines": [39], "summary": {"covered_lines": 1, "num_statements": 1, "percent_covered": 100.0, "percent_covered_display": "100", "missing_lines": 0, "excluded_lines": 0, "percent_statements_covered": 100.0, "percent_statements_covered_display": "100"}, "missing_lines": [], "excluded_lines": []}, "ExecutionService.get_executions": {"executed_lines": [59, 62, 64, 65, 67, 70, 72, 74, 77, 79, 82, 84, 87], "summary": {"covered_lines": 13, "num_statements": 13, "percent_covered": 100.0, "percent_covered_display": "100", "missing_lines": 0, "excluded_lines": 0, "percent_statements_covered": 100.0, "percent_statements_covered_display": "100"}, "missing_lines": [], "excluded_lines": []}, "ExecutionService.get_execution_by_id": {"executed_lines": [105, 110, 112], "summary": {"covered_lines": 3, "num_statements": 3, "percent_covered": 100.0, "percent_covered_display": "100", "missing_lines": 0, "excluded_lines": 0, "percent_statements_covered": 100.0, "percent_statements_covered_display": "100"}, "missing_lines": [], "excluded_lines": []}, "ExecutionService.create_execution": {"executed_lines": [120, 133, 135, 136, 137, 138, 139, 146, 147, 149, 150, 152, 155, 165, 166, 167, 168, 169, 172], "summary": {"covered_lines": 15, "num_statements": 18, "percent_covered": 83.33333333333333, "percent_covered_display": "83", "missing_lines": 3, "excluded_lines": 0, "percent_statements_covered": 83.33333333333333, "percent_statements_covered_display": "83"}, "missing_lines": [140, 141, 143], "excluded_lines": []}, "ExecutionService.start_execution": {"executed_lines": [193, 195, 199, 201, 209, 210, 213, 215, 222, 225, 227, 229, 232, 235], "summary": {"covered_lines": 14, "num_statements": 16, "percent_covered": 87.5, "percent_covered_display": "88", "missing_lines": 2, "excluded_lines": 0, "percent_statements_covered": 87.5, "percent_statements_covered_display": "88"}, "missing_lines": [196, 206], "excluded_lines": []}, "ExecutionService._run_execution": {"executed_lines": [256, 258, 261, 262, 265, 267, 275, 277], "summary": {"covered_lines": 8, "num_statements": 36, "percent_covered": 22.22222222222222, "percent_covered_display": "22", "missing_lines": 28, "excluded_lines": 0, "percent_statements_covered": 22.22222222222222, "percent_statements_covered_display": "22"}, "missing_lines": [280, 296, 299, 301, 304, 306, 307, 310, 311, 313, 315, 317, 318, 320, 323, 326, 327, 329, 331, 333, 335, 336, 341, 342, 343, 345, 348, 351], "excluded_lines": []}, "ExecutionService.stop_execution": {"executed_lines": [368, 370, 371, 374, 375, 377, 378, 384, 385, 388, 390, 393], "summary": {"covered_lines": 12, "num_statements": 14, "percent_covered": 85.71428571428571, "percent_covered_display": "86", "missing_lines": 2, "excluded_lines": 0, "percent_statements_covered": 85.71428571428571, "percent_statements_covered_display": "86"}, "missing_lines": [379, 381], "excluded_lines": []}, "ExecutionService.get_running_engine": {"executed_lines": [409], "summary": {"covered_lines": 1, "num_statements": 1, "percent_covered": 100.0, "percent_covered_display": "100", "missing_lines": 0, "excluded_lines": 0, "percent_statements_covered": 100.0, "percent_statements_covered_display": "100"}, "missing_lines": [], "excluded_lines": []}, "": {"executed_lines": [1, 6, 8, 10, 12, 14, 16, 18, 20, 22, 24, 26, 30, 31, 37, 42, 90, 115, 175, 238, 354, 396, 413], "summary": {"covered_lines": 21, "num_statements": 21, "percent_covered": 100.0, "percent_covered_display": "100", "missing_lines": 0, "excluded_lines": 0, "percent_statements_covered": 100.0, "percent_statements_covered_display": "100"}, "missing_lines": [], "excluded_lines": []}}, "classes": {"ExecutionService": {"executed_lines": [39, 59, 62, 64, 65, 67, 70, 72, 74, 77, 79, 82, 84, 87, 105, 110, 112, 120, 133, 135, 136, 137, 138, 139, 146, 147, 149, 150, 152, 155, 165, 166, 167, 168, 169, 172, 193, 195, 199, 201, 209, 210, 213, 215, 222, 225, 227, 229, 232, 235, 256, 258, 261, 262, 265, 267, 275, 277, 368, 370, 371, 374, 375, 377, 378, 384, 385, 388, 390, 393, 409], "summary": {"covered_lines": 67, "num_statements": 102, "percent_covered": 65.68627450980392, "percent_covered_display": "66", "missing_lines": 35, "excluded_lines": 0, "percent_statements_covered": 65.68627450980392, "percent_statements_covered_display": "66"}, "missing_lines": [140, 141, 143, 196, 206, 280, 296, 299, 301, 304, 306, 307, 310, 311, 313, 315, 317, 318, 320, 323, 326, 327, 329, 331, 333, 335, 336, 341, 342, 343, 345, 348, 351, 379, 381], "excluded_lines": []}, "": {"executed_lines": [1, 6, 8, 10, 12, 14, 16, 18, 20, 22, 24, 26, 30, 31, 37, 42, 90, 115, 175, 238, 354, 396, 413], "summary": {"covered_lines": 21, "num_statements": 21, "percent_covered": 100.0, "percent_covered_display": "100", "missing_lines": 0, "excluded_lines": 0, "percent_statements_covered": 100.0, "percent_statements_covered_display": "100"}, "missing_lines": [], "excluded_lines": []}}}, "app\\services\\report_service.py": {"executed_lines": [1, 5, 6, 7, 8, 9, 10, 12, 13, 14, 18, 19, 26, 46, 47, 48, 51, 54, 57, 60, 67, 83, 88, 89, 91, 92, 94, 97, 110, 113, 128, 129, 131, 132, 133, 134, 135, 136, 137, 138, 139, 141, 152, 158, 168, 171, 172, 178, 181, 187, 199, 200, 203, 204, 205, 208, 209, 211, 215, 1971, 1981, 1983, 1990], "summary": {"covered_lines": 57, "num_statements": 57, "percent_covered": 100.0, "percent_covered_display": "100", "missing_lines": 0, "excluded_lines": 0, "percent_statements_covered": 100.0, "percent_statements_covered_display": "100"}, "missing_lines": [], "excluded_lines": [], "functions": {"ReportService.generate_report": {"executed_lines": [46, 47, 48, 51, 54, 57, 60], "summary": {"covered_lines": 7, "num_statements": 7, "percent_covered": 100.0, "percent_covered_display": "100", "missing_lines": 0, "excluded_lines": 0, "percent_statements_covered": 100.0, "percent_statements_covered_display": "100"}, "missing_lines": [], "excluded_lines": []}, "ReportService._get_execution_data": {"executed_lines": [83, 88, 89, 91, 92, 94], "summary": {"covered_lines": 6, "num_statements": 6, "percent_covered": 100.0, "percent_covered_display": "100", "missing_lines": 0, "excluded_lines": 0, "percent_statements_covered": 100.0, "percent_statements_covered_display": "100"}, "missing_lines": [], "excluded_lines": []}, "ReportService._prepare_report_data": {"executed_lines": [110, 113, 128, 129, 131, 132, 133, 134, 135, 136, 137, 138, 139, 141, 152], "summary": {"covered_lines": 15, "num_statements": 15, "percent_covered": 100.0, "percent_covered_display": "100", "missing_lines": 0, "excluded_lines": 0, "percent_statements_covered": 100.0, "percent_statements_covered_display": "100"}, "missing_lines": [], "excluded_lines": []}, "ReportService._render_html": {"executed_lines": [168, 171, 172, 178, 181], "summary": {"covered_lines": 5, "num_statements": 5, "percent_covered": 100.0, "percent_covered_display": "100", "missing_lines": 0, "excluded_lines": 0, "percent_statements_covered": 100.0, "percent_statements_covered_display": "100"}, "missing_lines": [], "excluded_lines": []}, "ReportService._save_report": {"executed_lines": [199, 200, 203, 204, 205, 208, 209, 211], "summary": {"covered_lines": 8, "num_statements": 8, "percent_covered": 100.0, "percent_covered_display": "100", "missing_lines": 0, "excluded_lines": 0, "percent_statements_covered": 100.0, "percent_statements_covered_display": "100"}, "missing_lines": [], "excluded_lines": []}, "": {"executed_lines": [1, 5, 6, 7, 8, 9, 10, 12, 13, 14, 18, 19, 26, 67, 97, 158, 187, 215], "summary": {"covered_lines": 16, "num_statements": 16, "percent_covered": 100.0, "percent_covered_display": "100", "missing_lines": 0, "excluded_lines": 0, "percent_statements_covered": 100.0, "percent_statements_covered_display": "100"}, "missing_lines": [], "excluded_lines": []}}, "classes": {"ReportService": {"executed_lines": [46, 47, 48, 51, 54, 57, 60, 83, 88, 89, 91, 92, 94, 110, 113, 128, 129, 131, 132, 133, 134, 135, 136, 137, 138, 139, 141, 152, 168, 171, 172, 178, 181, 199, 200, 203, 204, 205, 208, 209, 211], "summary": {"covered_lines": 41, "num_statements": 41, "percent_covered": 100.0, "percent_covered_display": "100", "missing_lines": 0, "excluded_lines": 0, "percent_statements_covered": 100.0, "percent_statements_covered_display": "100"}, "missing_lines": [], "excluded_lines": []}, "": {"executed_lines": [1, 5, 6, 7, 8, 9, 10, 12, 13, 14, 18, 19, 26, 67, 97, 158, 187, 215], "summary": {"covered_lines": 16, "num_statements": 16, "percent_covered": 100.0, "percent_covered_display": "100", "missing_lines": 0, "excluded_lines": 0, "percent_statements_covered": 100.0, "percent_statements_covered_display": "100"}, "missing_lines": [], "excluded_lines": []}}}, "app\\utils\\__init__.py": {"executed_lines": [], "summary": {"covered_lines": 0, "num_statements": 0, "percent_covered": 100.0, "percent_covered_display": "100", "missing_lines": 0, "excluded_lines": 0, "percent_statements_covered": 100.0, "percent_statements_covered_display": "100"}, "missing_lines": [], "excluded_lines": [], "functions": {"": {"executed_lines": [], "summary": {"covered_lines": 0, "num_statements": 0, "percent_covered": 100.0, "percent_covered_display": "100", "missing_lines": 0, "excluded_lines": 0, "percent_statements_covered": 100.0, "percent_statements_covered_display": "100"}, "missing_lines": [], "excluded_lines": []}}, "classes": {"": {"executed_lines": [], "summary": {"covered_lines": 0, "num_statements": 0, "percent_covered": 100.0, "percent_covered_display": "100", "missing_lines": 0, "excluded_lines": 0, "percent_statements_covered": 100.0, "percent_statements_covered_display": "100"}, "missing_lines": [], "excluded_lines": []}}}}, "totals": {"covered_lines": 726, "num_statements": 1032, "percent_covered": 70.34883720930233, "percent_covered_display": "70", "missing_lines": 306, "excluded_lines": 1, "percent_statements_covered": 70.34883720930233, "percent_statements_covered_display": "70"}}